=== RLUSD XRPL Collector ===
  Resuming from ledger 96,000,000 (260,657 events in checkpoint)
  Collecting ledgers 96,000,000 → 102,698,547
  Chunk 96,000,000–96,099,999 ... 35838 events
    Checkpoint: 296,495 events total
  Chunk 96,100,000–96,199,999 ...     Retry 1/5 in 1s: HTTPSConnectionPool(host='s2.ripple.com', port=51234): Read timed out.
    Retry 2/5 in 2s: ('Connection broken: IncompleteRead(778137 bytes read, 3622740 more expected)', IncompleteRead(778137 bytes read, 3622740 more expected))
    Retry 1/5 in 1s: ('Connection broken: IncompleteRead(2957209 bytes read, 1478114 more expected)', IncompleteRead(2957209 bytes read, 1478114 more expected))
    Retry 2/5 in 2s: ('Connection broken: IncompleteRead(909209 bytes read, 3526114 more expected)', IncompleteRead(909209 bytes read, 3526114 more expected))
    Retry 3/5 in 4s: ('Connection broken: IncompleteRead(1679257 bytes read, 2756066 more expected)', IncompleteRead(1679257 bytes read, 2756066 more expected))
    Retry 1/5 in 1s: ('Connection broken: IncompleteRead(1417113 bytes read, 2893727 more expected)', IncompleteRead(1417113 bytes read, 2893727 more expected))
    Retry 1/5 in 1s: ('Connection broken: IncompleteRead(2252697 bytes read, 2136176 more expected)', IncompleteRead(2252697 bytes read, 2136176 more expected))
    Retry 1/5 in 1s: ('Connection broken: IncompleteRead(2187161 bytes read, 2236285 more expected)', IncompleteRead(2187161 bytes read, 2236285 more expected))
    Retry 2/5 in 2s: ('Connection broken: IncompleteRead(1236889 bytes read, 3186557 more expected)', IncompleteRead(1236889 bytes read, 3186557 more expected))
    Retry 1/5 in 1s: ('Connection broken: IncompleteRead(3415961 bytes read, 908249 more expected)', IncompleteRead(3415961 bytes read, 908249 more expected))
    Retry 1/5 in 1s: ('Connection broken: IncompleteRead(4186009 bytes read, 120453 more expected)', IncompleteRead(4186009 bytes read, 120453 more expected))
    Retry 2/5 in 2s: ('Connection broken: IncompleteRead(3678105 bytes read, 628357 more expected)', IncompleteRead(3678105 bytes read, 628357 more expected))
    Retry 1/5 in 1s: ('Connection broken: IncompleteRead(3481497 bytes read, 661690 more expected)', IncompleteRead(3481497 bytes read, 661690 more expected))
    Retry 2/5 in 2s: ('Connection broken: IncompleteRead(1679257 bytes read, 2463930 more expected)', IncompleteRead(1679257 bytes read, 2463930 more expected))
    Retry 1/5 in 1s: ('Connection broken: IncompleteRead(2318233 bytes read, 2079841 more expected)', IncompleteRead(2318233 bytes read, 2079841 more expected))
    Retry 1/5 in 1s: ('Connection broken: IncompleteRead(3858329 bytes read, 560864 more expected)', IncompleteRead(3858329 bytes read, 560864 more expected))
    Retry 1/5 in 1s: ('Connection broken: IncompleteRead(1286041 bytes read, 3075496 more expected)', IncompleteRead(1286041 bytes read, 3075496 more expected))
    Retry 1/5 in 1s: ('Connection broken: IncompleteRead(679833 bytes read, 3541654 more expected)', IncompleteRead(679833 bytes read, 3541654 more expected))
    Retry 1/5 in 1s: ('Connection broken: IncompleteRead(2056089 bytes read, 2318101 more expected)', IncompleteRead(2056089 bytes read, 2318101 more expected))
    Retry 2/5 in 2s: ('Connection broken: IncompleteRead(991129 bytes read, 3383061 more expected)', IncompleteRead(991129 bytes read, 3383061 more expected))
    Retry 1/5 in 1s: ('Connection broken: IncompleteRead(4005785 bytes read, 456092 more expected)', IncompleteRead(4005785 bytes read, 456092 more expected))
    Retry 1/5 in 1s: ('Connection broken: IncompleteRead(3907481 bytes read, 521639 more expected)', IncompleteRead(3907481 bytes read, 521639 more expected))
    Retry 1/5 in 1s: ('Connection broken: IncompleteRead(974745 bytes read, 3358894 more expected)', IncompleteRead(974745 bytes read, 3358894 more expected))
    Retry 1/5 in 1s: ('Connection broken: IncompleteRead(1810329 bytes read, 2368380 more expected)', IncompleteRead(1810329 bytes read, 2368380 more expected))
    Retry 1/5 in 1s: ('Connection broken: IncompleteRead(1351577 bytes read, 3110044 more expected)', IncompleteRead(1351577 bytes read, 3110044 more expected))
    Retry 1/5 in 1s: ('Connection broken: IncompleteRead(794521 bytes read, 3598298 more expected)', IncompleteRead(794521 bytes read, 3598298 more expected))
    Retry 1/5 in 1s: ('Connection broken: IncompleteRead(2252697 bytes read, 2028131 more expected)', IncompleteRead(2252697 bytes read, 2028131 more expected))
    Retry 2/5 in 2s: ('Connection broken: IncompleteRead(1613721 bytes read, 2667107 more expected)', IncompleteRead(1613721 bytes read, 2667107 more expected))
    Retry 3/5 in 4s: ('Connection broken: IncompleteRead(3481497 bytes read, 799331 more expected)', IncompleteRead(3481497 bytes read, 799331 more expected))
    Retry 4/5 in 8s: ('Connection broken: IncompleteRead(2580377 bytes read, 1700451 more expected)', IncompleteRead(2580377 bytes read, 1700451 more expected))
    Retry 5/5 in 16s: ('Connection broken: IncompleteRead(3022745 bytes read, 1258083 more expected)', IncompleteRead(3022745 bytes read, 1258083 more expected))
Traceback (most recent call last):
  File "/Users/robertspringett/Education/CMU_MSBA/capstone_5min/src/data/collect_xrpl.py", line 331, in <module>
    raw  = collect_all()
  File "/Users/robertspringett/Education/CMU_MSBA/capstone_5min/src/data/collect_xrpl.py", line 249, in collect_all
    events = collect_chunk(chunk_start, chunk_end)
  File "/Users/robertspringett/Education/CMU_MSBA/capstone_5min/src/data/collect_xrpl.py", line 209, in collect_chunk
    result = fetch_page(ledger_min, ledger_max, marker)
  File "/Users/robertspringett/Education/CMU_MSBA/capstone_5min/src/data/collect_xrpl.py", line 96, in fetch_page
    return _post("account_tx", params)
  File "/Users/robertspringett/Education/CMU_MSBA/capstone_5min/src/data/collect_xrpl.py", line 77, in _post
    raise RuntimeError(f"XRPL API failed after {retries} retries")
RuntimeError: XRPL API failed after 5 retries
=== RLUSD XRPL Collector ===
  Resuming from ledger 96,100,000 (296,495 events in checkpoint)
  Collecting ledgers 96,100,000 → 102,704,285
  Chunk 96,100,000–96,199,999 ...     Retry 1/5 in 1s: ('Connection broken: IncompleteRead(2776985 bytes read, 1449058 more expected)', IncompleteRead(2776985 bytes read, 1449058 more expected))
    Retry 2/5 in 2s: ('Connection broken: IncompleteRead(3678105 bytes read, 547938 more expected)', IncompleteRead(3678105 bytes read, 547938 more expected))
    Retry 1/5 in 1s: ('Connection broken: IncompleteRead(4120473 bytes read, 217539 more expected)', IncompleteRead(4120473 bytes read, 217539 more expected))
    Retry 1/5 in 1s: ('Connection broken: IncompleteRead(1515417 bytes read, 2742022 more expected)', IncompleteRead(1515417 bytes read, 2742022 more expected))
    Retry 1/5 in 1s: ('Connection broken: IncompleteRead(2449305 bytes read, 1720146 more expected)', IncompleteRead(2449305 bytes read, 1720146 more expected))
    Retry 1/5 in 1s: ('Connection broken: IncompleteRead(3481497 bytes read, 771413 more expected)', IncompleteRead(3481497 bytes read, 771413 more expected))
    Retry 1/5 in 1s: ('Connection broken: IncompleteRead(4054937 bytes read, 284544 more expected)', IncompleteRead(4054937 bytes read, 284544 more expected))
    Retry 1/5 in 1s: ('Connection broken: IncompleteRead(4120473 bytes read, 142353 more expected)', IncompleteRead(4120473 bytes read, 142353 more expected))
    Retry 1/5 in 1s: ('Connection broken: IncompleteRead(2580377 bytes read, 1644558 more expected)', IncompleteRead(2580377 bytes read, 1644558 more expected))
    Retry 1/5 in 1s: ('Connection broken: IncompleteRead(761753 bytes read, 3617943 more expected)', IncompleteRead(761753 bytes read, 3617943 more expected))
    Retry 1/5 in 1s: ('Connection broken: IncompleteRead(4186009 bytes read, 207438 more expected)', IncompleteRead(4186009 bytes read, 207438 more expected))
    Retry 1/5 in 1s: ('Connection broken: IncompleteRead(3301273 bytes read, 1163458 more expected)', IncompleteRead(3301273 bytes read, 1163458 more expected))
    Retry 1/5 in 1s: ('Connection broken: IncompleteRead(1318809 bytes read, 3027805 more expected)', IncompleteRead(1318809 bytes read, 3027805 more expected))
    Retry 1/5 in 1s: ('Connection broken: IncompleteRead(3612569 bytes read, 824626 more expected)', IncompleteRead(3612569 bytes read, 824626 more expected))
    Retry 1/5 in 1s: ('Connection broken: IncompleteRead(2318233 bytes read, 2093408 more expected)', IncompleteRead(2318233 bytes read, 2093408 more expected))
    Retry 1/5 in 1s: ('Connection broken: IncompleteRead(2957209 bytes read, 1532721 more expected)', IncompleteRead(2957209 bytes read, 1532721 more expected))
    Retry 1/5 in 1s: ('Connection broken: IncompleteRead(1089433 bytes read, 3479564 more expected)', IncompleteRead(1089433 bytes read, 3479564 more expected))
    Retry 1/5 in 1s: ('Connection broken: IncompleteRead(2891673 bytes read, 1409024 more expected)', IncompleteRead(2891673 bytes read, 1409024 more expected))
    Retry 1/5 in 1s: ('Connection broken: IncompleteRead(2383769 bytes read, 2148597 more expected)', IncompleteRead(2383769 bytes read, 2148597 more expected))
    Retry 1/5 in 1s: ('Connection broken: IncompleteRead(2711449 bytes read, 1657126 more expected)', IncompleteRead(2711449 bytes read, 1657126 more expected))
    Retry 1/5 in 1s: ('Connection broken: IncompleteRead(3858329 bytes read, 446738 more expected)', IncompleteRead(3858329 bytes read, 446738 more expected))
    Retry 1/5 in 1s: ('Connection broken: IncompleteRead(1941401 bytes read, 2524293 more expected)', IncompleteRead(1941401 bytes read, 2524293 more expected))
    Retry 1/5 in 1s: ('Connection broken: IncompleteRead(3415961 bytes read, 811714 more expected)', IncompleteRead(3415961 bytes read, 811714 more expected))
    Retry 1/5 in 1s: ('Connection broken: IncompleteRead(2514841 bytes read, 1858638 more expected)', IncompleteRead(2514841 bytes read, 1858638 more expected))
    Retry 2/5 in 2s: ('Connection broken: IncompleteRead(1793945 bytes read, 2579534 more expected)', IncompleteRead(1793945 bytes read, 2579534 more expected))
    Retry 1/5 in 1s: ('Connection broken: IncompleteRead(3415961 bytes read, 833202 more expected)', IncompleteRead(3415961 bytes read, 833202 more expected))
    Retry 1/5 in 1s: ('Connection broken: IncompleteRead(2891673 bytes read, 1296107 more expected)', IncompleteRead(2891673 bytes read, 1296107 more expected))
    Retry 1/5 in 1s: ('Connection broken: IncompleteRead(2695065 bytes read, 1564874 more expected)', IncompleteRead(2695065 bytes read, 1564874 more expected))
    Retry 1/5 in 1s: ('Connection broken: IncompleteRead(2121625 bytes read, 2151439 more expected)', IncompleteRead(2121625 bytes read, 2151439 more expected))
    Retry 1/5 in 1s: ('Connection broken: IncompleteRead(3727257 bytes read, 606812 more expected)', IncompleteRead(3727257 bytes read, 606812 more expected))
    Retry 1/5 in 1s: ('Connection broken: IncompleteRead(2056089 bytes read, 2287385 more expected)', IncompleteRead(2056089 bytes read, 2287385 more expected))
    Retry 1/5 in 1s: ('Connection broken: IncompleteRead(2121625 bytes read, 2394648 more expected)', IncompleteRead(2121625 bytes read, 2394648 more expected))
    Retry 2/5 in 2s: ('Connection broken: IncompleteRead(2449305 bytes read, 2066968 more expected)', IncompleteRead(2449305 bytes read, 2066968 more expected))
    Retry 1/5 in 1s: ('Connection broken: IncompleteRead(2514841 bytes read, 2020752 more expected)', IncompleteRead(2514841 bytes read, 2020752 more expected))
    Retry 2/5 in 2s: ('Connection broken: IncompleteRead(3989401 bytes read, 546192 more expected)', IncompleteRead(3989401 bytes read, 546192 more expected))
    Retry 1/5 in 1s: ('Connection broken: IncompleteRead(3792793 bytes read, 652154 more expected)', IncompleteRead(3792793 bytes read, 652154 more expected))
    Retry 1/5 in 1s: ('Connection broken: IncompleteRead(2449305 bytes read, 1875980 more expected)', IncompleteRead(2449305 bytes read, 1875980 more expected))
    Retry 2/5 in 2s: ('Connection broken: IncompleteRead(1744793 bytes read, 2580492 more expected)', IncompleteRead(1744793 bytes read, 2580492 more expected))
    Retry 1/5 in 1s: ('Connection broken: IncompleteRead(3219353 bytes read, 1170901 more expected)', IncompleteRead(3219353 bytes read, 1170901 more expected))
    Retry 1/5 in 1s: ('Connection broken: IncompleteRead(3284889 bytes read, 1234340 more expected)', IncompleteRead(3284889 bytes read, 1234340 more expected))
    Retry 1/5 in 1s: ('Connection broken: IncompleteRead(4054937 bytes read, 271307 more expected)', IncompleteRead(4054937 bytes read, 271307 more expected))
    Retry 1/5 in 1s: ('Connection broken: IncompleteRead(1941401 bytes read, 2560131 more expected)', IncompleteRead(1941401 bytes read, 2560131 more expected))
    Retry 1/5 in 1s: ('Connection broken: IncompleteRead(2514841 bytes read, 1925015 more expected)', IncompleteRead(2514841 bytes read, 1925015 more expected))
    Retry 2/5 in 2s: ('Connection broken: IncompleteRead(3170201 bytes read, 1269655 more expected)', IncompleteRead(3170201 bytes read, 1269655 more expected))
    Retry 1/5 in 1s: ('Connection broken: IncompleteRead(2514841 bytes read, 1857552 more expected)', IncompleteRead(2514841 bytes read, 1857552 more expected))
    Retry 1/5 in 1s: ('Connection broken: IncompleteRead(4054937 bytes read, 120771 more expected)', IncompleteRead(4054937 bytes read, 120771 more expected))
    Retry 1/5 in 1s: ('Connection broken: IncompleteRead(2826137 bytes read, 1602756 more expected)', IncompleteRead(2826137 bytes read, 1602756 more expected))
    Retry 1/5 in 1s: ('Connection broken: IncompleteRead(2514841 bytes read, 1842612 more expected)', IncompleteRead(2514841 bytes read, 1842612 more expected))
    Retry 1/5 in 1s: ('Connection broken: IncompleteRead(3022745 bytes read, 1257888 more expected)', IncompleteRead(3022745 bytes read, 1257888 more expected))
    Retry 2/5 in 2s: ('Connection broken: IncompleteRead(2776985 bytes read, 1503648 more expected)', IncompleteRead(2776985 bytes read, 1503648 more expected))
    Retry 1/5 in 1s: ('Connection broken: IncompleteRead(1793945 bytes read, 2535808 more expected)', IncompleteRead(1793945 bytes read, 2535808 more expected))
    Retry 2/5 in 2s: ('Connection broken: IncompleteRead(2580377 bytes read, 1749376 more expected)', IncompleteRead(2580377 bytes read, 1749376 more expected))
    Retry 3/5 in 4s: ('Connection broken: IncompleteRead(3547033 bytes read, 782720 more expected)', IncompleteRead(3547033 bytes read, 782720 more expected))
    Retry 1/5 in 1s: ('Connection broken: IncompleteRead(1990553 bytes read, 2210433 more expected)', IncompleteRead(1990553 bytes read, 2210433 more expected))
    Retry 1/5 in 1s: ('Connection broken: IncompleteRead(3284889 bytes read, 982170 more expected)', IncompleteRead(3284889 bytes read, 982170 more expected))
    Retry 1/5 in 1s: ('Connection broken: IncompleteRead(2580377 bytes read, 1653738 more expected)', IncompleteRead(2580377 bytes read, 1653738 more expected))
    Retry 1/5 in 1s: ('Connection broken: IncompleteRead(2334617 bytes read, 2364210 more expected)', IncompleteRead(2334617 bytes read, 2364210 more expected))
    Retry 1/5 in 1s: ('Connection broken: IncompleteRead(1023897 bytes read, 3185667 more expected)', IncompleteRead(1023897 bytes read, 3185667 more expected))
    Retry 1/5 in 1s: ('Connection broken: IncompleteRead(2514841 bytes read, 1783837 more expected)', IncompleteRead(2514841 bytes read, 1783837 more expected))
    Retry 1/5 in 1s: ('Connection broken: IncompleteRead(3661721 bytes read, 632284 more expected)', IncompleteRead(3661721 bytes read, 632284 more expected))
    Retry 1/5 in 1s: ('Connection broken: IncompleteRead(1744793 bytes read, 2501760 more expected)', IncompleteRead(1744793 bytes read, 2501760 more expected))
    Retry 2/5 in 2s: ('Connection broken: IncompleteRead(1875865 bytes read, 2370688 more expected)', IncompleteRead(1875865 bytes read, 2370688 more expected))
    Retry 1/5 in 1s: ('Connection broken: IncompleteRead(1564569 bytes read, 2669557 more expected)', IncompleteRead(1564569 bytes read, 2669557 more expected))
    Retry 1/5 in 1s: ('Connection broken: IncompleteRead(1744793 bytes read, 2619057 more expected)', IncompleteRead(1744793 bytes read, 2619057 more expected))
    Retry 1/5 in 1s: ('Connection broken: IncompleteRead(3088281 bytes read, 1082178 more expected)', IncompleteRead(3088281 bytes read, 1082178 more expected))
    Retry 1/5 in 1s: ('Connection broken: IncompleteRead(2957209 bytes read, 1163120 more expected)', IncompleteRead(2957209 bytes read, 1163120 more expected))
    Retry 1/5 in 1s: ('Connection broken: IncompleteRead(1531801 bytes read, 2871772 more expected)', IncompleteRead(1531801 bytes read, 2871772 more expected))
    Retry 1/5 in 1s: ('Connection broken: IncompleteRead(1712025 bytes read, 2553446 more expected)', IncompleteRead(1712025 bytes read, 2553446 more expected))
    Retry 1/5 in 1s: ('Connection broken: IncompleteRead(2318233 bytes read, 1966886 more expected)', IncompleteRead(2318233 bytes read, 1966886 more expected))
    Retry 1/5 in 1s: ('Connection broken: IncompleteRead(4054937 bytes read, 259904 more expected)', IncompleteRead(4054937 bytes read, 259904 more expected))
    Retry 1/5 in 1s: ('Connection broken: IncompleteRead(2154393 bytes read, 2107401 more expected)', IncompleteRead(2154393 bytes read, 2107401 more expected))
    Retry 1/5 in 1s: ('Connection broken: IncompleteRead(3088281 bytes read, 1205995 more expected)', IncompleteRead(3088281 bytes read, 1205995 more expected))
    Retry 1/5 in 1s: ('Connection broken: IncompleteRead(2285465 bytes read, 2073328 more expected)', IncompleteRead(2285465 bytes read, 2073328 more expected))
    Retry 1/5 in 1s: ('Connection broken: IncompleteRead(3547033 bytes read, 787105 more expected)', IncompleteRead(3547033 bytes read, 787105 more expected))
    Retry 1/5 in 1s: ('Connection broken: IncompleteRead(2645913 bytes read, 1549277 more expected)', IncompleteRead(2645913 bytes read, 1549277 more expected))
    Retry 1/5 in 1s: ('Connection broken: IncompleteRead(1875865 bytes read, 2493440 more expected)', IncompleteRead(1875865 bytes read, 2493440 more expected))
    Retry 1/5 in 1s: ('Connection broken: IncompleteRead(2514841 bytes read, 1736603 more expected)', IncompleteRead(2514841 bytes read, 1736603 more expected))
    Retry 1/5 in 1s: ('Connection broken: IncompleteRead(3858329 bytes read, 460203 more expected)', IncompleteRead(3858329 bytes read, 460203 more expected))
    Retry 1/5 in 1s: ('Connection broken: IncompleteRead(1941401 bytes read, 2360770 more expected)', IncompleteRead(1941401 bytes read, 2360770 more expected))
    Retry 1/5 in 1s: ('Connection broken: IncompleteRead(3547033 bytes read, 753020 more expected)', IncompleteRead(3547033 bytes read, 753020 more expected))
    Retry 1/5 in 1s: ('Connection broken: IncompleteRead(2645913 bytes read, 1607727 more expected)', IncompleteRead(2645913 bytes read, 1607727 more expected))
    Retry 2/5 in 2s: ('Connection broken: IncompleteRead(2645913 bytes read, 1607727 more expected)', IncompleteRead(2645913 bytes read, 1607727 more expected))
    Retry 1/5 in 1s: ('Connection broken: IncompleteRead(1875865 bytes read, 2185159 more expected)', IncompleteRead(1875865 bytes read, 2185159 more expected))
    Retry 2/5 in 2s: ('Connection broken: IncompleteRead(2121625 bytes read, 1939399 more expected)', IncompleteRead(2121625 bytes read, 1939399 more expected))
    Retry 1/5 in 1s: ('Connection broken: IncompleteRead(3088281 bytes read, 1283274 more expected)', IncompleteRead(3088281 bytes read, 1283274 more expected))
    Retry 1/5 in 1s: ('Connection broken: IncompleteRead(3727257 bytes read, 708066 more expected)', IncompleteRead(3727257 bytes read, 708066 more expected))
    Retry 1/5 in 1s: ('Connection broken: IncompleteRead(4317081 bytes read, 42993 more expected)', IncompleteRead(4317081 bytes read, 42993 more expected))
    Retry 1/5 in 1s: ('Connection broken: IncompleteRead(663449 bytes read, 3725424 more expected)', IncompleteRead(663449 bytes read, 3725424 more expected))
    Retry 1/5 in 1s: ('Connection broken: IncompleteRead(909209 bytes read, 3331924 more expected)', IncompleteRead(909209 bytes read, 3331924 more expected))
    Retry 2/5 in 2s: ('Connection broken: IncompleteRead(3219353 bytes read, 1021780 more expected)', IncompleteRead(3219353 bytes read, 1021780 more expected))
    Retry 1/5 in 1s: ('Connection broken: IncompleteRead(3923865 bytes read, 350647 more expected)', IncompleteRead(3923865 bytes read, 350647 more expected))
    Retry 2/5 in 2s: ('Connection broken: IncompleteRead(2088857 bytes read, 2185655 more expected)', IncompleteRead(2088857 bytes read, 2185655 more expected))
    Retry 1/5 in 1s: ('Connection broken: IncompleteRead(4317081 bytes read, 102112 more expected)', IncompleteRead(4317081 bytes read, 102112 more expected))
    Retry 1/5 in 1s: ('Connection broken: IncompleteRead(2645913 bytes read, 1842513 more expected)', IncompleteRead(2645913 bytes read, 1842513 more expected))
    Retry 1/5 in 1s: ('Connection broken: IncompleteRead(2252697 bytes read, 2159526 more expected)', IncompleteRead(2252697 bytes read, 2159526 more expected))
    Retry 2/5 in 2s: ('Connection broken: IncompleteRead(548761 bytes read, 3863462 more expected)', IncompleteRead(548761 bytes read, 3863462 more expected))
    Retry 1/5 in 1s: ('Connection broken: IncompleteRead(1253273 bytes read, 3208348 more expected)', IncompleteRead(1253273 bytes read, 3208348 more expected))
    Retry 1/5 in 1s: ('Connection broken: IncompleteRead(3547033 bytes read, 643347 more expected)', IncompleteRead(3547033 bytes read, 643347 more expected))
    Retry 1/5 in 1s: ('Connection broken: IncompleteRead(3989401 bytes read, 252233 more expected)', IncompleteRead(3989401 bytes read, 252233 more expected))
    Retry 1/5 in 1s: ('Connection broken: IncompleteRead(2776985 bytes read, 1404701 more expected)', IncompleteRead(2776985 bytes read, 1404701 more expected))
    Retry 1/5 in 1s: ('Connection broken: IncompleteRead(2318233 bytes read, 2007575 more expected)', IncompleteRead(2318233 bytes read, 2007575 more expected))
    Retry 1/5 in 1s: ('Connection broken: IncompleteRead(2252697 bytes read, 2113305 more expected)', IncompleteRead(2252697 bytes read, 2113305 more expected))
    Retry 1/5 in 1s: ('Connection broken: IncompleteRead(1613721 bytes read, 2711662 more expected)', IncompleteRead(1613721 bytes read, 2711662 more expected))
    Retry 2/5 in 2s: ('Connection broken: IncompleteRead(1482649 bytes read, 2842734 more expected)', IncompleteRead(1482649 bytes read, 2842734 more expected))
    Retry 1/5 in 1s: ('Connection broken: IncompleteRead(1204121 bytes read, 3217340 more expected)', IncompleteRead(1204121 bytes read, 3217340 more expected))
    Retry 1/5 in 1s: ('Connection broken: IncompleteRead(2383769 bytes read, 2003072 more expected)', IncompleteRead(2383769 bytes read, 2003072 more expected))
    Retry 1/5 in 1s: ('Connection broken: IncompleteRead(4317081 bytes read, 84685 more expected)', IncompleteRead(4317081 bytes read, 84685 more expected))
    Retry 1/5 in 1s: ('Connection broken: IncompleteRead(2580377 bytes read, 1775125 more expected)', IncompleteRead(2580377 bytes read, 1775125 more expected))
    Retry 1/5 in 1s: ('Connection broken: IncompleteRead(630681 bytes read, 3691237 more expected)', IncompleteRead(630681 bytes read, 3691237 more expected))
    Retry 1/5 in 1s: ('Connection broken: IncompleteRead(2514841 bytes read, 1791917 more expected)', IncompleteRead(2514841 bytes read, 1791917 more expected))
    Retry 1/5 in 1s: ('Connection broken: IncompleteRead(2449305 bytes read, 1901154 more expected)', IncompleteRead(2449305 bytes read, 1901154 more expected))
    Retry 1/5 in 1s: ('Connection broken: IncompleteRead(2711449 bytes read, 1632064 more expected)', IncompleteRead(2711449 bytes read, 1632064 more expected))
    Retry 1/5 in 1s: ('Connection broken: IncompleteRead(3284889 bytes read, 1109746 more expected)', IncompleteRead(3284889 bytes read, 1109746 more expected))
    Retry 1/5 in 1s: ('Connection broken: IncompleteRead(4317081 bytes read, 152373 more expected)', IncompleteRead(4317081 bytes read, 152373 more expected))
    Retry 2/5 in 2s: ('Connection broken: IncompleteRead(2252697 bytes read, 2216757 more expected)', IncompleteRead(2252697 bytes read, 2216757 more expected))
    Retry 3/5 in 4s: ('Connection broken: IncompleteRead(3104665 bytes read, 1364789 more expected)', IncompleteRead(3104665 bytes read, 1364789 more expected))
    Retry 1/5 in 1s: ('Connection broken: IncompleteRead(4317081 bytes read, 198992 more expected)', IncompleteRead(4317081 bytes read, 198992 more expected))
    Retry 1/5 in 1s: ('Connection broken: IncompleteRead(1122201 bytes read, 3407470 more expected)', IncompleteRead(1122201 bytes read, 3407470 more expected))
    Retry 1/5 in 1s: ('Connection broken: IncompleteRead(1646489 bytes read, 2939184 more expected)', IncompleteRead(1646489 bytes read, 2939184 more expected))
    Retry 1/5 in 1s: ('Connection broken: IncompleteRead(1810329 bytes read, 2656154 more expected)', IncompleteRead(1810329 bytes read, 2656154 more expected))
    Retry 1/5 in 1s: ('Connection broken: IncompleteRead(2957209 bytes read, 1592251 more expected)', IncompleteRead(2957209 bytes read, 1592251 more expected))
    Retry 1/5 in 1s: ('Connection broken: IncompleteRead(1974169 bytes read, 2520879 more expected)', IncompleteRead(1974169 bytes read, 2520879 more expected))
    Retry 1/5 in 1s: ('Connection broken: IncompleteRead(1875865 bytes read, 2653592 more expected)', IncompleteRead(1875865 bytes read, 2653592 more expected))
    Retry 2/5 in 2s: ('Connection broken: IncompleteRead(1417113 bytes read, 3112344 more expected)', IncompleteRead(1417113 bytes read, 3112344 more expected))
    Retry 3/5 in 4s: ('Connection broken: IncompleteRead(2776985 bytes read, 1752472 more expected)', IncompleteRead(2776985 bytes read, 1752472 more expected))
    Retry 1/5 in 1s: ('Connection broken: IncompleteRead(4317081 bytes read, 106586 more expected)', IncompleteRead(4317081 bytes read, 106586 more expected))
    Retry 1/5 in 1s: ('Connection broken: IncompleteRead(2711449 bytes read, 1676906 more expected)', IncompleteRead(2711449 bytes read, 1676906 more expected))
    Retry 1/5 in 1s: ('Connection broken: IncompleteRead(1417113 bytes read, 3100547 more expected)', IncompleteRead(1417113 bytes read, 3100547 more expected))
    Retry 1/5 in 1s: ('Connection broken: IncompleteRead(3153817 bytes read, 1288609 more expected)', IncompleteRead(3153817 bytes read, 1288609 more expected))
    Retry 1/5 in 1s: ('Connection broken: IncompleteRead(4562841 bytes read, 43083 more expected)', IncompleteRead(4562841 bytes read, 43083 more expected))
    Retry 1/5 in 1s: ('Connection broken: IncompleteRead(1990553 bytes read, 2267454 more expected)', IncompleteRead(1990553 bytes read, 2267454 more expected))
    Retry 1/5 in 1s: ('Connection broken: IncompleteRead(3186585 bytes read, 1288841 more expected)', IncompleteRead(3186585 bytes read, 1288841 more expected))
    Retry 1/5 in 1s: ('Connection broken: IncompleteRead(1433497 bytes read, 2807697 more expected)', IncompleteRead(1433497 bytes read, 2807697 more expected))
    Retry 1/5 in 1s: ('Connection broken: IncompleteRead(679833 bytes read, 3800934 more expected)', IncompleteRead(679833 bytes read, 3800934 more expected))
    Retry 1/5 in 1s: ('Connection broken: IncompleteRead(204697 bytes read, 4232740 more expected)', IncompleteRead(204697 bytes read, 4232740 more expected))
    Retry 1/5 in 1s: ('Connection broken: IncompleteRead(581529 bytes read, 4073707 more expected)', IncompleteRead(581529 bytes read, 4073707 more expected))
    Retry 1/5 in 1s: ('Connection broken: IncompleteRead(958361 bytes read, 3717541 more expected)', IncompleteRead(958361 bytes read, 3717541 more expected))
    Retry 1/5 in 1s: ('Connection broken: IncompleteRead(1073049 bytes read, 3528970 more expected)', IncompleteRead(1073049 bytes read, 3528970 more expected))
    Retry 1/5 in 1s: ('Connection broken: IncompleteRead(2121625 bytes read, 2555452 more expected)', IncompleteRead(2121625 bytes read, 2555452 more expected))
    Retry 1/5 in 1s: ('Connection broken: IncompleteRead(1286041 bytes read, 3610792 more expected)', IncompleteRead(1286041 bytes read, 3610792 more expected))
12896 events
    Checkpoint: 309,391 events total
  Chunk 96,200,000–96,299,999 ...     Retry 1/5 in 1s: ('Connection broken: IncompleteRead(3678105 bytes read, 913848 more expected)', IncompleteRead(3678105 bytes read, 913848 more expected))
    Retry 1/5 in 1s: ('Connection broken: IncompleteRead(2121625 bytes read, 2535589 more expected)', IncompleteRead(2121625 bytes read, 2535589 more expected))
    Retry 1/5 in 1s: ('Connection broken: IncompleteRead(2957209 bytes read, 1752285 more expected)', IncompleteRead(2957209 bytes read, 1752285 more expected))
    Retry 1/5 in 1s: ('Connection broken: IncompleteRead(3678105 bytes read, 886008 more expected)', IncompleteRead(3678105 bytes read, 886008 more expected))
    Retry 1/5 in 1s: ('Connection broken: IncompleteRead(1351577 bytes read, 3158389 more expected)', IncompleteRead(1351577 bytes read, 3158389 more expected))
    Retry 1/5 in 1s: ('Connection broken: IncompleteRead(3153817 bytes read, 1432972 more expected)', IncompleteRead(3153817 bytes read, 1432972 more expected))
    Retry 1/5 in 1s: ('Connection broken: IncompleteRead(4317081 bytes read, 192951 more expected)', IncompleteRead(4317081 bytes read, 192951 more expected))
    Retry 1/5 in 1s: ('Connection broken: IncompleteRead(4431769 bytes read, 133208 more expected)', IncompleteRead(4431769 bytes read, 133208 more expected))
    Retry 1/5 in 1s: ('Connection broken: IncompleteRead(1679257 bytes read, 2646328 more expected)', IncompleteRead(1679257 bytes read, 2646328 more expected))
    Retry 1/5 in 1s: ('Connection broken: IncompleteRead(2449305 bytes read, 2205054 more expected)', IncompleteRead(2449305 bytes read, 2205054 more expected))
    Retry 1/5 in 1s: ('Connection broken: IncompleteRead(1810329 bytes read, 2613945 more expected)', IncompleteRead(1810329 bytes read, 2613945 more expected))
    Retry 1/5 in 1s: ('Connection broken: IncompleteRead(2252697 bytes read, 2112962 more expected)', IncompleteRead(2252697 bytes read, 2112962 more expected))
    Retry 1/5 in 1s: ('Connection broken: IncompleteRead(1613721 bytes read, 3130116 more expected)', IncompleteRead(1613721 bytes read, 3130116 more expected))
    Retry 1/5 in 1s: ('Connection broken: IncompleteRead(3858329 bytes read, 646843 more expected)', IncompleteRead(3858329 bytes read, 646843 more expected))
    Retry 1/5 in 1s: ('Connection broken: IncompleteRead(1040281 bytes read, 3402027 more expected)', IncompleteRead(1040281 bytes read, 3402027 more expected))
    Retry 1/5 in 1s: ('Connection broken: IncompleteRead(1154969 bytes read, 3665222 more expected)', IncompleteRead(1154969 bytes read, 3665222 more expected))
    Retry 1/5 in 1s: ('Connection broken: IncompleteRead(3350425 bytes read, 1079278 more expected)', IncompleteRead(3350425 bytes read, 1079278 more expected))
    Retry 1/5 in 1s: ('Connection broken: IncompleteRead(1171353 bytes read, 3182043 more expected)', IncompleteRead(1171353 bytes read, 3182043 more expected))
    Retry 1/5 in 1s: ('Connection broken: IncompleteRead(647065 bytes read, 3766752 more expected)', IncompleteRead(647065 bytes read, 3766752 more expected))
    Retry 1/5 in 1s: ('Connection broken: IncompleteRead(2957209 bytes read, 1575051 more expected)', IncompleteRead(2957209 bytes read, 1575051 more expected))
    Retry 1/5 in 1s: ('Connection broken: IncompleteRead(3350425 bytes read, 1123498 more expected)', IncompleteRead(3350425 bytes read, 1123498 more expected))
    Retry 1/5 in 1s: ('Connection broken: IncompleteRead(3612569 bytes read, 793465 more expected)', IncompleteRead(3612569 bytes read, 793465 more expected))
    Retry 1/5 in 1s: ('Connection broken: IncompleteRead(1875865 bytes read, 2606890 more expected)', IncompleteRead(1875865 bytes read, 2606890 more expected))
    Retry 2/5 in 2s: ('Connection broken: IncompleteRead(2449305 bytes read, 2033450 more expected)', IncompleteRead(2449305 bytes read, 2033450 more expected))
    Retry 3/5 in 4s: ('Connection broken: IncompleteRead(1466265 bytes read, 3016490 more expected)', IncompleteRead(1466265 bytes read, 3016490 more expected))
    Retry 1/5 in 1s: ('Connection broken: IncompleteRead(3153817 bytes read, 1417782 more expected)', IncompleteRead(3153817 bytes read, 1417782 more expected))
    Retry 1/5 in 1s: ('Connection broken: IncompleteRead(1875865 bytes read, 2725213 more expected)', IncompleteRead(1875865 bytes read, 2725213 more expected))
    Retry 1/5 in 1s: ('Connection broken: IncompleteRead(3350425 bytes read, 1192000 more expected)', IncompleteRead(3350425 bytes read, 1192000 more expected))
    Retry 1/5 in 1s: ('Connection broken: IncompleteRead(3678105 bytes read, 756220 more expected)', IncompleteRead(3678105 bytes read, 756220 more expected))
    Retry 2/5 in 2s: ('Connection broken: IncompleteRead(3219353 bytes read, 1214972 more expected)', IncompleteRead(3219353 bytes read, 1214972 more expected))
    Retry 1/5 in 1s: ('Connection broken: IncompleteRead(2580377 bytes read, 1831778 more expected)', IncompleteRead(2580377 bytes read, 1831778 more expected))
    Retry 1/5 in 1s: ('Connection broken: IncompleteRead(3792793 bytes read, 567447 more expected)', IncompleteRead(3792793 bytes read, 567447 more expected))
    Retry 2/5 in 2s: ('Connection broken: IncompleteRead(3858329 bytes read, 501911 more expected)', IncompleteRead(3858329 bytes read, 501911 more expected))
    Retry 1/5 in 1s: ('Connection broken: IncompleteRead(1040281 bytes read, 3394541 more expected)', IncompleteRead(1040281 bytes read, 3394541 more expected))
    Retry 1/5 in 1s: ('Connection broken: IncompleteRead(2318233 bytes read, 2119930 more expected)', IncompleteRead(2318233 bytes read, 2119930 more expected))
    Retry 1/5 in 1s: ('Connection broken: IncompleteRead(3858329 bytes read, 542500 more expected)', IncompleteRead(3858329 bytes read, 542500 more expected))
    Retry 2/5 in 2s: ('Connection broken: IncompleteRead(1875865 bytes read, 2524964 more expected)', IncompleteRead(1875865 bytes read, 2524964 more expected))
    Retry 1/5 in 1s: ('Connection broken: IncompleteRead(712601 bytes read, 3861263 more expected)', IncompleteRead(712601 bytes read, 3861263 more expected))
    Retry 2/5 in 2s: ('Connection broken: IncompleteRead(4382617 bytes read, 191247 more expected)', IncompleteRead(4382617 bytes read, 191247 more expected))
    Retry 1/5 in 1s: ('Connection broken: IncompleteRead(1073049 bytes read, 3460053 more expected)', IncompleteRead(1073049 bytes read, 3460053 more expected))
    Retry 2/5 in 2s: ('Connection broken: IncompleteRead(3727257 bytes read, 805845 more expected)', IncompleteRead(3727257 bytes read, 805845 more expected))
    Retry 1/5 in 1s: ('Connection broken: IncompleteRead(2580377 bytes read, 2033921 more expected)', IncompleteRead(2580377 bytes read, 2033921 more expected))
    Retry 2/5 in 2s: ('Connection broken: IncompleteRead(1679257 bytes read, 2935041 more expected)', IncompleteRead(1679257 bytes read, 2935041 more expected))
    Retry 1/5 in 1s: ('Connection broken: IncompleteRead(450457 bytes read, 4154325 more expected)', IncompleteRead(450457 bytes read, 4154325 more expected))
    Retry 1/5 in 1s: ('Connection broken: IncompleteRead(2531225 bytes read, 2015940 more expected)', IncompleteRead(2531225 bytes read, 2015940 more expected))
    Retry 1/5 in 1s: ('Connection broken: IncompleteRead(2121625 bytes read, 2409537 more expected)', IncompleteRead(2121625 bytes read, 2409537 more expected))
    Retry 2/5 in 2s: ('Connection broken: IncompleteRead(3088281 bytes read, 1442881 more expected)', IncompleteRead(3088281 bytes read, 1442881 more expected))
    Retry 1/5 in 1s: ('Connection broken: IncompleteRead(4202393 bytes read, 373906 more expected)', IncompleteRead(4202393 bytes read, 373906 more expected))
    Retry 1/5 in 1s: ('Connection broken: IncompleteRead(4251545 bytes read, 295242 more expected)', IncompleteRead(4251545 bytes read, 295242 more expected))
    Retry 2/5 in 2s: ('Connection broken: IncompleteRead(3792793 bytes read, 753994 more expected)', IncompleteRead(3792793 bytes read, 753994 more expected))
    Retry 1/5 in 1s: ('Connection broken: IncompleteRead(3612569 bytes read, 824401 more expected)', IncompleteRead(3612569 bytes read, 824401 more expected))
    Retry 1/5 in 1s: ('Connection broken: IncompleteRead(4251545 bytes read, 194721 more expected)', IncompleteRead(4251545 bytes read, 194721 more expected))
    Retry 2/5 in 2s: ('Connection broken: IncompleteRead(1417113 bytes read, 3029153 more expected)', IncompleteRead(1417113 bytes read, 3029153 more expected))
    Retry 3/5 in 4s: ('Connection broken: IncompleteRead(2711449 bytes read, 1734817 more expected)', IncompleteRead(2711449 bytes read, 1734817 more expected))
    Retry 1/5 in 1s: ('Connection broken: IncompleteRead(1974169 bytes read, 2470150 more expected)', IncompleteRead(1974169 bytes read, 2470150 more expected))
    Retry 2/5 in 2s: ('Connection broken: IncompleteRead(1941401 bytes read, 2502918 more expected)', IncompleteRead(1941401 bytes read, 2502918 more expected))
    Retry 3/5 in 4s: ('Connection broken: IncompleteRead(3350425 bytes read, 1093894 more expected)', IncompleteRead(3350425 bytes read, 1093894 more expected))
    Retry 1/5 in 1s: ('Connection broken: IncompleteRead(3612569 bytes read, 838868 more expected)', IncompleteRead(3612569 bytes read, 838868 more expected))
    Retry 2/5 in 2s: ('Connection broken: IncompleteRead(1810329 bytes read, 2641108 more expected)', IncompleteRead(1810329 bytes read, 2641108 more expected))
    Retry 3/5 in 4s: ('Connection broken: IncompleteRead(941977 bytes read, 3509460 more expected)', IncompleteRead(941977 bytes read, 3509460 more expected))
    Retry 4/5 in 8s: ('Connection broken: IncompleteRead(1056665 bytes read, 3394772 more expected)', IncompleteRead(1056665 bytes read, 3394772 more expected))
    Retry 5/5 in 16s: ('Connection broken: IncompleteRead(2056089 bytes read, 2395348 more expected)', IncompleteRead(2056089 bytes read, 2395348 more expected))
Traceback (most recent call last):
  File "/Users/robertspringett/Education/CMU_MSBA/capstone_5min/src/data/collect_xrpl.py", line 331, in <module>
    raw  = collect_all()
  File "/Users/robertspringett/Education/CMU_MSBA/capstone_5min/src/data/collect_xrpl.py", line 249, in collect_all
    events = collect_chunk(chunk_start, chunk_end)
  File "/Users/robertspringett/Education/CMU_MSBA/capstone_5min/src/data/collect_xrpl.py", line 209, in collect_chunk
    result = fetch_page(ledger_min, ledger_max, marker)
  File "/Users/robertspringett/Education/CMU_MSBA/capstone_5min/src/data/collect_xrpl.py", line 96, in fetch_page
    return _post("account_tx", params)
  File "/Users/robertspringett/Education/CMU_MSBA/capstone_5min/src/data/collect_xrpl.py", line 77, in _post
    raise RuntimeError(f"XRPL API failed after {retries} retries")
RuntimeError: XRPL API failed after 5 retries
=== RLUSD XRPL Collector ===
  Resuming from ledger 96,200,000 (309,391 events in checkpoint)
  Collecting ledgers 96,200,000 → 102,708,555
  Chunk 96,200,000–96,299,999 ...     Retry 1/10 in 1s: ('Connection broken: IncompleteRead(1089433 bytes read, 3472033 more expected)', IncompleteRead(1089433 bytes read, 3472033 more expected))
    Retry 1/10 in 1s: ('Connection broken: IncompleteRead(3153817 bytes read, 1438136 more expected)', IncompleteRead(3153817 bytes read, 1438136 more expected))
    Retry 2/10 in 2s: ('Connection broken: IncompleteRead(2449305 bytes read, 2142648 more expected)', IncompleteRead(2449305 bytes read, 2142648 more expected))
    Retry 1/10 in 1s: ('Connection broken: IncompleteRead(3792793 bytes read, 916701 more expected)', IncompleteRead(3792793 bytes read, 916701 more expected))
    Retry 1/10 in 1s: ('Connection broken: IncompleteRead(3612569 bytes read, 951544 more expected)', IncompleteRead(3612569 bytes read, 951544 more expected))
    Retry 2/10 in 2s: ('Connection broken: IncompleteRead(1580953 bytes read, 2983160 more expected)', IncompleteRead(1580953 bytes read, 2983160 more expected))
    Retry 1/10 in 1s: ('Connection broken: IncompleteRead(1990553 bytes read, 2547868 more expected)', IncompleteRead(1990553 bytes read, 2547868 more expected))
    Retry 1/10 in 1s: ('Connection broken: IncompleteRead(1417113 bytes read, 3143477 more expected)', IncompleteRead(1417113 bytes read, 3143477 more expected))
    Retry 1/10 in 1s: ('Connection broken: IncompleteRead(2957209 bytes read, 1594834 more expected)', IncompleteRead(2957209 bytes read, 1594834 more expected))
    Retry 2/10 in 2s: ('Connection broken: IncompleteRead(2826137 bytes read, 1725906 more expected)', IncompleteRead(2826137 bytes read, 1725906 more expected))
    Retry 3/10 in 4s: ('Connection broken: IncompleteRead(974745 bytes read, 3577298 more expected)', IncompleteRead(974745 bytes read, 3577298 more expected))
    Retry 4/10 in 8s: ('Connection broken: IncompleteRead(2957209 bytes read, 1594834 more expected)', IncompleteRead(2957209 bytes read, 1594834 more expected))
    Retry 1/10 in 1s: ('Connection broken: IncompleteRead(1253273 bytes read, 3312187 more expected)', IncompleteRead(1253273 bytes read, 3312187 more expected))
    Retry 1/10 in 1s: ('Connection broken: IncompleteRead(892825 bytes read, 3617141 more expected)', IncompleteRead(892825 bytes read, 3617141 more expected))
    Retry 2/10 in 2s: ('Connection broken: IncompleteRead(4382617 bytes read, 127349 more expected)', IncompleteRead(4382617 bytes read, 127349 more expected))
    Retry 1/10 in 1s: ('Connection broken: IncompleteRead(2056089 bytes read, 2453943 more expected)', IncompleteRead(2056089 bytes read, 2453943 more expected))
    Retry 2/10 in 2s: ('Connection broken: IncompleteRead(1679257 bytes read, 2830775 more expected)', IncompleteRead(1679257 bytes read, 2830775 more expected))
    Retry 3/10 in 4s: ('Connection broken: IncompleteRead(4054937 bytes read, 455095 more expected)', IncompleteRead(4054937 bytes read, 455095 more expected))
    Retry 4/10 in 8s: ('Connection broken: IncompleteRead(4382617 bytes read, 127415 more expected)', IncompleteRead(4382617 bytes read, 127415 more expected))
    Retry 5/10 in 16s: ('Connection broken: IncompleteRead(3088281 bytes read, 1421751 more expected)', IncompleteRead(3088281 bytes read, 1421751 more expected))
    Retry 1/10 in 1s: ('Connection broken: IncompleteRead(4448153 bytes read, 71743 more expected)', IncompleteRead(4448153 bytes read, 71743 more expected))
    Retry 1/10 in 1s: ('Connection broken: IncompleteRead(3219353 bytes read, 1352771 more expected)', IncompleteRead(3219353 bytes read, 1352771 more expected))
    Retry 2/10 in 2s: ('Connection broken: IncompleteRead(4251545 bytes read, 320579 more expected)', IncompleteRead(4251545 bytes read, 320579 more expected))
    Retry 1/10 in 1s: ('Connection broken: IncompleteRead(4054937 bytes read, 517877 more expected)', IncompleteRead(4054937 bytes read, 517877 more expected))
    Retry 2/10 in 2s: ('Connection broken: IncompleteRead(1204121 bytes read, 3368693 more expected)', IncompleteRead(1204121 bytes read, 3368693 more expected))
    Retry 3/10 in 4s: ('Connection broken: IncompleteRead(778137 bytes read, 3794677 more expected)', IncompleteRead(778137 bytes read, 3794677 more expected))
    Retry 4/10 in 8s: ('Connection broken: IncompleteRead(3547033 bytes read, 1025781 more expected)', IncompleteRead(3547033 bytes read, 1025781 more expected))
    Retry 5/10 in 16s: ('Connection broken: IncompleteRead(1744793 bytes read, 2828021 more expected)', IncompleteRead(1744793 bytes read, 2828021 more expected))
    Retry 6/10 in 32s: ('Connection broken: IncompleteRead(1859481 bytes read, 2713333 more expected)', IncompleteRead(1859481 bytes read, 2713333 more expected))
    Retry 1/10 in 1s: ('Connection broken: IncompleteRead(1548185 bytes read, 3004864 more expected)', IncompleteRead(1548185 bytes read, 3004864 more expected))
    Retry 2/10 in 2s: ('Connection broken: IncompleteRead(3219353 bytes read, 1333696 more expected)', IncompleteRead(3219353 bytes read, 1333696 more expected))
    Retry 3/10 in 4s: ('Connection broken: IncompleteRead(2449305 bytes read, 2103744 more expected)', IncompleteRead(2449305 bytes read, 2103744 more expected))
    Retry 4/10 in 8s: ('Connection broken: IncompleteRead(1744793 bytes read, 2808256 more expected)', IncompleteRead(1744793 bytes read, 2808256 more expected))
    Retry 5/10 in 16s: ('Connection broken: IncompleteRead(3219353 bytes read, 1333696 more expected)', IncompleteRead(3219353 bytes read, 1333696 more expected))
    Retry 6/10 in 32s: ('Connection broken: IncompleteRead(958361 bytes read, 3594688 more expected)', IncompleteRead(958361 bytes read, 3594688 more expected))
    Retry 7/10 in 64s: ('Connection broken: IncompleteRead(2121625 bytes read, 2431424 more expected)', IncompleteRead(2121625 bytes read, 2431424 more expected))
    Retry 8/10 in 128s: ('Connection broken: IncompleteRead(1875865 bytes read, 2677184 more expected)', IncompleteRead(1875865 bytes read, 2677184 more expected))
    Retry 9/10 in 256s: ('Connection broken: IncompleteRead(1154969 bytes read, 3398080 more expected)', IncompleteRead(1154969 bytes read, 3398080 more expected))
    Retry 10/10 in 512s: ('Connection broken: IncompleteRead(4382617 bytes read, 170432 more expected)', IncompleteRead(4382617 bytes read, 170432 more expected))
Traceback (most recent call last):
  File "/Users/robertspringett/Education/CMU_MSBA/capstone_5min/src/data/collect_xrpl.py", line 331, in <module>
    raw  = collect_all()
  File "/Users/robertspringett/Education/CMU_MSBA/capstone_5min/src/data/collect_xrpl.py", line 249, in collect_all
    events = collect_chunk(chunk_start, chunk_end)
  File "/Users/robertspringett/Education/CMU_MSBA/capstone_5min/src/data/collect_xrpl.py", line 209, in collect_chunk
    result = fetch_page(ledger_min, ledger_max, marker)
  File "/Users/robertspringett/Education/CMU_MSBA/capstone_5min/src/data/collect_xrpl.py", line 96, in fetch_page
    return _post("account_tx", params)
  File "/Users/robertspringett/Education/CMU_MSBA/capstone_5min/src/data/collect_xrpl.py", line 77, in _post
    raise RuntimeError(f"XRPL API failed after {retries} retries")
RuntimeError: XRPL API failed after 10 retries
=== RLUSD XRPL Collector ===
  Resuming from ledger 96,200,000 (309,391 events in checkpoint)
  Collecting ledgers 96,200,000 → 102,720,270
  Chunk 96,200,000–96,299,999 ... 